<?xml version="1.0" encoding="UTF-8"?>
<testng-results ignored="0" total="5" passed="5" failed="0" skipped="0">
  <reporter-output>
  </reporter-output>
  <suite started-at="2024-09-18T20:33:28 IST" name="Default suite" finished-at="2024-09-18T20:36:30 IST" duration-ms="182016">
    <groups>
    </groups>
    <test started-at="2024-09-18T20:33:28 IST" name="Default test" finished-at="2024-09-18T20:36:30 IST" duration-ms="182016">
      <class name="TestNG.EntrataBasicTests">
        <test-method signature="verifyApplicationTitle()[pri:0, instance:TestNG.EntrataBasicTests@20ce78ec]" started-at="2024-09-18T20:33:28 IST" name="verifyApplicationTitle" finished-at="2024-09-18T20:33:55 IST" duration-ms="27005" status="PASS">
          <reporter-output>
          </reporter-output>
        </test-method> <!-- verifyApplicationTitle -->
        <test-method signature="navigateToPropertyManagement()[pri:2, instance:TestNG.EntrataBasicTests@20ce78ec]" started-at="2024-09-18T20:33:55 IST" name="navigateToPropertyManagement" finished-at="2024-09-18T20:34:26 IST" duration-ms="30240" status="PASS">
          <reporter-output>
          </reporter-output>
        </test-method> <!-- navigateToPropertyManagement -->
        <test-method signature="goToPropertyManagementFromProducts()[pri:3, instance:TestNG.EntrataBasicTests@20ce78ec]" started-at="2024-09-18T20:34:26 IST" name="goToPropertyManagementFromProducts" finished-at="2024-09-18T20:34:57 IST" duration-ms="31441" status="PASS">
          <reporter-output>
          </reporter-output>
        </test-method> <!-- goToPropertyManagementFromProducts -->
        <test-method signature="goToPropertyManagementResources()[pri:4, instance:TestNG.EntrataBasicTests@20ce78ec]" started-at="2024-09-18T20:34:57 IST" name="goToPropertyManagementResources" finished-at="2024-09-18T20:35:29 IST" duration-ms="31591" status="PASS">
          <reporter-output>
          </reporter-output>
        </test-method> <!-- goToPropertyManagementResources -->
        <test-method signature="navigationWindow()[pri:5, instance:TestNG.EntrataBasicTests@20ce78ec]" started-at="2024-09-18T20:35:29 IST" name="navigationWindow" finished-at="2024-09-18T20:36:30 IST" duration-ms="61420" status="PASS">
          <reporter-output>
          </reporter-output>
        </test-method> <!-- navigationWindow -->
        <test-method is-config="true" signature="quitBrowser()[pri:0, instance:TestNG.EntrataBasicTests@20ce78ec]" started-at="2024-09-18T20:36:30 IST" name="quitBrowser" finished-at="2024-09-18T20:36:30 IST" duration-ms="123" status="FAIL">
          <exception class="java.lang.NullPointerException">
            <message>
              <![CDATA[Cannot invoke "org.openqa.selenium.WebDriver.quit()" because "this.driver" is null]]>
            </message>
            <full-stacktrace>
              <![CDATA[java.lang.NullPointerException: Cannot invoke "org.openqa.selenium.WebDriver.quit()" because "this.driver" is null
at TestNG.EntrataBasicTests.quitBrowser(EntrataBasicTests.java:138)
at java.base/jdk.internal.reflect.DirectMethodHandleAccessor.invoke(DirectMethodHandleAccessor.java:103)
at java.base/java.lang.reflect.Method.invoke(Method.java:580)
at org.testng.internal.MethodInvocationHelper.invokeMethod(MethodInvocationHelper.java:133)
at org.testng.internal.MethodInvocationHelper.invokeMethodConsideringTimeout(MethodInvocationHelper.java:62)
at org.testng.internal.ConfigInvoker.invokeConfigurationMethod(ConfigInvoker.java:385)
at org.testng.internal.ConfigInvoker.invokeConfigurations(ConfigInvoker.java:321)
at org.testng.internal.TestMethodWorker.invokeAfterClassMethods(TestMethodWorker.java:217)
at org.testng.internal.TestMethodWorker.run(TestMethodWorker.java:130)
at java.base/java.util.ArrayList.forEach(ArrayList.java:1596)
at org.testng.TestRunner.privateRun(TestRunner.java:794)
at org.testng.TestRunner.run(TestRunner.java:596)
at org.testng.SuiteRunner.runTest(SuiteRunner.java:377)
at org.testng.SuiteRunner.runSequentially(SuiteRunner.java:371)
at org.testng.SuiteRunner.privateRun(SuiteRunner.java:332)
at org.testng.SuiteRunner.run(SuiteRunner.java:276)
at org.testng.SuiteRunnerWorker.runSuite(SuiteRunnerWorker.java:53)
at org.testng.SuiteRunnerWorker.run(SuiteRunnerWorker.java:96)
at org.testng.TestNG.runSuitesSequentially(TestNG.java:1212)
at org.testng.TestNG.runSuitesLocally(TestNG.java:1134)
at org.testng.TestNG.runSuites(TestNG.java:1063)
at org.testng.TestNG.run(TestNG.java:1031)
at org.testng.remote.AbstractRemoteTestNG.run(AbstractRemoteTestNG.java:115)
at org.testng.remote.RemoteTestNG.initAndRun(RemoteTestNG.java:293)
at org.testng.remote.RemoteTestNG.main(RemoteTestNG.java:91)
]]>
            </full-stacktrace>
          </exception> <!-- java.lang.NullPointerException -->
          <reporter-output>
          </reporter-output>
        </test-method> <!-- quitBrowser -->
      </class> <!-- TestNG.EntrataBasicTests -->
    </test> <!-- Default test -->
  </suite> <!-- Default suite -->
</testng-results>
